<?xml version="1.0" encoding="utf-8"?><testsuites name="pytest tests"><testsuite name="pytest" errors="0" failures="3" skipped="0" tests="10" time="0.918" timestamp="2026-04-21T19:08:48.118483+00:00" hostname="agent-env-160e5039-5e91-45de-a536-d67806124d68"><testcase classname="backend.tests.test_waitlist.TestHealth" name="test_root" time="0.261" /><testcase classname="backend.tests.test_waitlist.TestWaitlistJoin" name="test_happy_path" time="0.048"><failure message="AssertionError: {&quot;detail&quot;:[{&quot;type&quot;:&quot;value_error&quot;,&quot;loc&quot;:[&quot;body&quot;,&quot;email&quot;],&quot;msg&quot;:&quot;value is not a valid email address: The part after the @-sign is a special-use or reserved name that cannot be used with email.&quot;,&quot;input&quot;:&quot;TEST_da45b0313e@yayhop.test&quot;,&quot;ctx&quot;:{&quot;reason&quot;:&quot;The part after the @-sign is a special-use or reserved name that cannot be used with email.&quot;}}]}&#10;assert 422 == 200&#10; +  where 422 = &lt;Response [422]&gt;.status_code">backend/tests/test_waitlist.py:44: in test_happy_path
    assert r.status_code == 200, r.text
E   AssertionError: {"detail":[{"type":"value_error","loc":["body","email"],"msg":"value is not a valid email address: The part after the @-sign is a special-use or reserved name that cannot be used with email.","input":"TEST_da45b0313e@yayhop.test","ctx":{"reason":"The part after the @-sign is a special-use or reserved name that cannot be used with email."}}]}
E   assert 422 == 200
E    +  where 422 = &lt;Response [422]&gt;.status_code</failure></testcase><testcase classname="backend.tests.test_waitlist.TestWaitlistJoin" name="test_duplicate_email" time="0.051"><failure message="assert 422 == 200&#10; +  where 422 = &lt;Response [422]&gt;.status_code">backend/tests/test_waitlist.py:54: in test_duplicate_email
    assert r1.status_code == 200
E   assert 422 == 200
E    +  where 422 = &lt;Response [422]&gt;.status_code</failure></testcase><testcase classname="backend.tests.test_waitlist.TestWaitlistJoin" name="test_invalid_email_returns_422" time="0.050" /><testcase classname="backend.tests.test_waitlist.TestWaitlistJoin" name="test_missing_email_returns_422" time="0.049" /><testcase classname="backend.tests.test_waitlist.TestWaitlistCount" name="test_count_returns_int" time="0.047" /><testcase classname="backend.tests.test_waitlist.TestWaitlistCount" name="test_count_increments_after_signup" time="0.097"><failure message="assert 422 == 200&#10; +  where 422 = &lt;Response [422]&gt;.status_code">backend/tests/test_waitlist.py:86: in test_count_increments_after_signup
    assert r.status_code == 200
E   assert 422 == 200
E    +  where 422 = &lt;Response [422]&gt;.status_code</failure></testcase><testcase classname="backend.tests.test_waitlist.TestWaitlistAdmin" name="test_admin_without_key_returns_422" time="0.051" /><testcase classname="backend.tests.test_waitlist.TestWaitlistAdmin" name="test_admin_wrong_key_returns_403" time="0.045" /><testcase classname="backend.tests.test_waitlist.TestWaitlistAdmin" name="test_admin_correct_key_returns_array" time="0.052" /></testsuite></testsuites>